{"C:\\Users\\KIIT\\Documents\\Keploy-Session2-Tasks\\components\\delete-student-modal.tsx": {"path":"C:\\Users\\KIIT\\Documents\\Keploy-Session2-Tasks\\components\\delete-student-modal.tsx","statementMap":{"0":{"start":{"line":18,"column":16},"end":{"line":18,"column":35}},"1":{"start":{"line":3,"column":25},"end":{"line":3,"column":null}},"2":{"start":{"line":4,"column":23},"end":{"line":4,"column":null}},"3":{"start":{"line":5,"column":84},"end":{"line":5,"column":null}},"4":{"start":{"line":6,"column":22},"end":{"line":6,"column":null}},"5":{"start":{"line":7,"column":39},"end":{"line":7,"column":null}},"6":{"start":{"line":8,"column":39},"end":{"line":8,"column":null}},"7":{"start":{"line":9,"column":37},"end":{"line":9,"column":null}},"8":{"start":{"line":19,"column":36},"end":{"line":19,"column":null}},"9":{"start":{"line":21,"column":23},"end":{"line":38,"column":null}},"10":{"start":{"line":22,"column":4},"end":{"line":22,"column":null}},"11":{"start":{"line":22,"column":18},"end":{"line":22,"column":null}},"12":{"start":{"line":24,"column":4},"end":{"line":24,"column":null}},"13":{"start":{"line":25,"column":4},"end":{"line":37,"column":null}},"14":{"start":{"line":26,"column":24},"end":{"line":26,"column":null}},"15":{"start":{"line":27,"column":6},"end":{"line":27,"column":null}},"16":{"start":{"line":29,"column":6},"end":{"line":29,"column":null}},"17":{"start":{"line":30,"column":6},"end":{"line":30,"column":null}},"18":{"start":{"line":31,"column":6},"end":{"line":31,"column":null}},"19":{"start":{"line":33,"column":6},"end":{"line":33,"column":null}},"20":{"start":{"line":34,"column":6},"end":{"line":34,"column":null}},"21":{"start":{"line":36,"column":6},"end":{"line":36,"column":null}}},"fnMap":{"0":{"name":"DeleteStudentModal","decl":{"start":{"line":18,"column":16},"end":{"line":18,"column":35}},"loc":{"start":{"line":18,"column":97},"end":{"line":64,"column":null}}},"1":{"name":"(anonymous_2)","decl":{"start":{"line":21,"column":23},"end":{"line":21,"column":null}},"loc":{"start":{"line":21,"column":23},"end":{"line":38,"column":null}}}},"branchMap":{"0":{"loc":{"start":{"line":22,"column":4},"end":{"line":22,"column":null}},"type":"if","locations":[{"start":{"line":22,"column":4},"end":{"line":22,"column":null}}]},"1":{"loc":{"start":{"line":33,"column":18},"end":{"line":33,"column":null}},"type":"binary-expr","locations":[{"start":{"line":33,"column":18},"end":{"line":33,"column":40}},{"start":{"line":33,"column":44},"end":{"line":33,"column":null}}]},"2":{"loc":{"start":{"line":57,"column":13},"end":{"line":57,"column":26}},"type":"binary-expr","locations":[{"start":{"line":57,"column":13},"end":{"line":57,"column":26}}]}},"s":{"0":20,"1":1,"2":1,"3":1,"4":1,"5":1,"6":1,"7":1,"8":24,"9":24,"10":2,"11":0,"12":2,"13":2,"14":2,"15":2,"16":2,"17":2,"18":2,"19":0,"20":0,"21":2},"f":{"0":24,"1":2},"b":{"0":[0],"1":[0,0],"2":[24]}}
,"C:\\Users\\KIIT\\Documents\\Keploy-Session2-Tasks\\components\\edit-student-modal.tsx": {"path":"C:\\Users\\KIIT\\Documents\\Keploy-Session2-Tasks\\components\\edit-student-modal.tsx","statementMap":{"0":{"start":{"line":30,"column":16},"end":{"line":30,"column":33}},"1":{"start":{"line":3,"column":36},"end":{"line":3,"column":null}},"2":{"start":{"line":4,"column":36},"end":{"line":4,"column":null}},"3":{"start":{"line":5,"column":23},"end":{"line":5,"column":null}},"4":{"start":{"line":6,"column":65},"end":{"line":6,"column":null}},"5":{"start":{"line":7,"column":22},"end":{"line":7,"column":null}},"6":{"start":{"line":8,"column":22},"end":{"line":8,"column":null}},"7":{"start":{"line":9,"column":78},"end":{"line":9,"column":null}},"8":{"start":{"line":10,"column":22},"end":{"line":10,"column":null}},"9":{"start":{"line":11,"column":39},"end":{"line":11,"column":null}},"10":{"start":{"line":12,"column":24},"end":{"line":12,"column":null}},"11":{"start":{"line":13,"column":37},"end":{"line":13,"column":null}},"12":{"start":{"line":28,"column":16},"end":{"line":28,"column":null}},"13":{"start":{"line":31,"column":36},"end":{"line":31,"column":null}},"14":{"start":{"line":38,"column":6},"end":{"line":40,"column":null}},"15":{"start":{"line":42,"column":2},"end":{"line":48,"column":null}},"16":{"start":{"line":43,"column":4},"end":{"line":47,"column":null}},"17":{"start":{"line":44,"column":6},"end":{"line":44,"column":null}},"18":{"start":{"line":45,"column":6},"end":{"line":45,"column":null}},"19":{"start":{"line":46,"column":6},"end":{"line":46,"column":null}},"20":{"start":{"line":50,"column":19},"end":{"line":70,"column":null}},"21":{"start":{"line":51,"column":4},"end":{"line":51,"column":null}},"22":{"start":{"line":51,"column":18},"end":{"line":51,"column":null}},"23":{"start":{"line":53,"column":4},"end":{"line":53,"column":null}},"24":{"start":{"line":54,"column":4},"end":{"line":69,"column":null}},"25":{"start":{"line":55,"column":24},"end":{"line":62,"column":null}},"26":{"start":{"line":63,"column":6},"end":{"line":63,"column":null}},"27":{"start":{"line":65,"column":6},"end":{"line":65,"column":null}},"28":{"start":{"line":66,"column":6},"end":{"line":66,"column":null}},"29":{"start":{"line":68,"column":6},"end":{"line":68,"column":null}},"30":{"start":{"line":113,"column":22},"end":{"line":113,"column":47}}},"fnMap":{"0":{"name":"EditStudentModal","decl":{"start":{"line":30,"column":16},"end":{"line":30,"column":33}},"loc":{"start":{"line":30,"column":93},"end":{"line":137,"column":null}}},"1":{"name":"(anonymous_2)","decl":{"start":{"line":42,"column":12},"end":{"line":42,"column":null}},"loc":{"start":{"line":42,"column":12},"end":{"line":48,"column":5}}},"2":{"name":"(anonymous_3)","decl":{"start":{"line":50,"column":19},"end":{"line":50,"column":26}},"loc":{"start":{"line":50,"column":26},"end":{"line":70,"column":null}}},"3":{"name":"(anonymous_5)","decl":{"start":{"line":112,"column":33},"end":{"line":112,"column":34}},"loc":{"start":{"line":113,"column":22},"end":{"line":113,"column":47}}}},"branchMap":{"0":{"loc":{"start":{"line":43,"column":4},"end":{"line":47,"column":null}},"type":"if","locations":[{"start":{"line":43,"column":4},"end":{"line":47,"column":null}}]},"1":{"loc":{"start":{"line":51,"column":4},"end":{"line":51,"column":null}},"type":"if","locations":[{"start":{"line":51,"column":4},"end":{"line":51,"column":null}}]},"2":{"loc":{"start":{"line":65,"column":18},"end":{"line":65,"column":null}},"type":"binary-expr","locations":[{"start":{"line":65,"column":18},"end":{"line":65,"column":40}},{"start":{"line":65,"column":44},"end":{"line":65,"column":null}}]},"3":{"loc":{"start":{"line":82,"column":13},"end":{"line":82,"column":24}},"type":"binary-expr","locations":[{"start":{"line":82,"column":13},"end":{"line":82,"column":24}}]},"4":{"loc":{"start":{"line":97,"column":13},"end":{"line":97,"column":23}},"type":"binary-expr","locations":[{"start":{"line":97,"column":13},"end":{"line":97,"column":23}}]},"5":{"loc":{"start":{"line":121,"column":13},"end":{"line":121,"column":26}},"type":"binary-expr","locations":[{"start":{"line":121,"column":13},"end":{"line":121,"column":26}}]},"6":{"loc":{"start":{"line":129,"column":15},"end":{"line":129,"column":28}},"type":"binary-expr","locations":[{"start":{"line":129,"column":15},"end":{"line":129,"column":28}}]}},"s":{"0":21,"1":1,"2":1,"3":1,"4":1,"5":1,"6":1,"7":1,"8":1,"9":1,"10":1,"11":1,"12":1,"13":27,"14":27,"15":27,"16":27,"17":18,"18":18,"19":18,"20":27,"21":3,"22":0,"23":3,"24":3,"25":3,"26":3,"27":0,"28":0,"29":3,"30":126},"f":{"0":27,"1":27,"2":3,"3":126},"b":{"0":[18],"1":[0],"2":[0,0],"3":[27],"4":[27],"5":[27],"6":[27]}}
,"C:\\Users\\KIIT\\Documents\\Keploy-Session2-Tasks\\components\\navigation.tsx": {"path":"C:\\Users\\KIIT\\Documents\\Keploy-Session2-Tasks\\components\\navigation.tsx","statementMap":{"0":{"start":{"line":15,"column":16},"end":{"line":15,"column":null}},"1":{"start":{"line":3,"column":17},"end":{"line":3,"column":null}},"2":{"start":{"line":4,"column":28},"end":{"line":4,"column":null}},"3":{"start":{"line":5,"column":61},"end":{"line":5,"column":null}},"4":{"start":{"line":6,"column":19},"end":{"line":6,"column":null}},"5":{"start":{"line":8,"column":19},"end":{"line":13,"column":null}},"6":{"start":{"line":16,"column":19},"end":{"line":16,"column":null}},"7":{"start":{"line":32,"column":29},"end":{"line":32,"column":38}},"8":{"start":{"line":33,"column":16},"end":{"line":35,"column":null}},"9":{"start":{"line":57,"column":27},"end":{"line":57,"column":36}},"10":{"start":{"line":58,"column":14},"end":{"line":60,"column":null}}},"fnMap":{"0":{"name":"Navigation","decl":{"start":{"line":15,"column":16},"end":{"line":15,"column":null}},"loc":{"start":{"line":15,"column":16},"end":{"line":79,"column":null}}},"1":{"name":"(anonymous_3)","decl":{"start":{"line":31,"column":30},"end":{"line":31,"column":31}},"loc":{"start":{"line":31,"column":31},"end":{"line":48,"column":null}}},"2":{"name":"(anonymous_4)","decl":{"start":{"line":56,"column":28},"end":{"line":56,"column":29}},"loc":{"start":{"line":56,"column":29},"end":{"line":73,"column":null}}}},"branchMap":{"0":{"loc":{"start":{"line":39,"column":22},"end":{"line":41,"column":null}},"type":"cond-expr","locations":[{"start":{"line":40,"column":26},"end":{"line":40,"column":null}},{"start":{"line":41,"column":26},"end":{"line":41,"column":null}}]},"1":{"loc":{"start":{"line":64,"column":20},"end":{"line":66,"column":null}},"type":"cond-expr","locations":[{"start":{"line":65,"column":24},"end":{"line":65,"column":null}},{"start":{"line":66,"column":24},"end":{"line":66,"column":null}}]}},"s":{"0":3,"1":1,"2":1,"3":1,"4":1,"5":1,"6":3,"7":12,"8":12,"9":12,"10":12},"f":{"0":3,"1":12,"2":12},"b":{"0":[3,9],"1":[3,9]}}
,"C:\\Users\\KIIT\\Documents\\Keploy-Session2-Tasks\\components\\student-table.tsx": {"path":"C:\\Users\\KIIT\\Documents\\Keploy-Session2-Tasks\\components\\student-table.tsx","statementMap":{"0":{"start":{"line":19,"column":16},"end":{"line":19,"column":29}},"1":{"start":{"line":3,"column":25},"end":{"line":3,"column":null}},"2":{"start":{"line":4,"column":23},"end":{"line":4,"column":null}},"3":{"start":{"line":5,"column":45},"end":{"line":5,"column":null}},"4":{"start":{"line":6,"column":23},"end":{"line":6,"column":null}},"5":{"start":{"line":7,"column":78},"end":{"line":7,"column":null}},"6":{"start":{"line":8,"column":89},"end":{"line":8,"column":null}},"7":{"start":{"line":9,"column":22},"end":{"line":9,"column":null}},"8":{"start":{"line":11,"column":33},"end":{"line":11,"column":null}},"9":{"start":{"line":12,"column":35},"end":{"line":12,"column":null}},"10":{"start":{"line":20,"column":46},"end":{"line":20,"column":null}},"11":{"start":{"line":21,"column":48},"end":{"line":21,"column":null}},"12":{"start":{"line":23,"column":25},"end":{"line":32,"column":null}},"13":{"start":{"line":24,"column":43},"end":{"line":30,"column":null}},"14":{"start":{"line":31,"column":4},"end":{"line":31,"column":null}},"15":{"start":{"line":56,"column":16},"end":{"line":56,"column":null}},"16":{"start":{"line":71,"column":57},"end":{"line":71,"column":null}},"17":{"start":{"line":75,"column":57},"end":{"line":75,"column":86}},"18":{"start":{"line":92,"column":23},"end":{"line":92,"column":null}},"19":{"start":{"line":99,"column":23},"end":{"line":99,"column":null}}},"fnMap":{"0":{"name":"StudentTable","decl":{"start":{"line":19,"column":16},"end":{"line":19,"column":29}},"loc":{"start":{"line":19,"column":78},"end":{"line":104,"column":null}}},"1":{"name":"(anonymous_2)","decl":{"start":{"line":23,"column":25},"end":{"line":23,"column":26}},"loc":{"start":{"line":23,"column":26},"end":{"line":32,"column":null}}},"2":{"name":"(anonymous_3)","decl":{"start":{"line":55,"column":27},"end":{"line":55,"column":28}},"loc":{"start":{"line":56,"column":16},"end":{"line":56,"column":null}}},"3":{"name":"(anonymous_4)","decl":{"start":{"line":71,"column":51},"end":{"line":71,"column":57}},"loc":{"start":{"line":71,"column":57},"end":{"line":71,"column":null}}},"4":{"name":"(anonymous_5)","decl":{"start":{"line":75,"column":51},"end":{"line":75,"column":57}},"loc":{"start":{"line":75,"column":57},"end":{"line":75,"column":86}}},"5":{"name":"(anonymous_6)","decl":{"start":{"line":92,"column":17},"end":{"line":92,"column":23}},"loc":{"start":{"line":92,"column":23},"end":{"line":92,"column":null}}},"6":{"name":"(anonymous_7)","decl":{"start":{"line":99,"column":17},"end":{"line":99,"column":23}},"loc":{"start":{"line":99,"column":23},"end":{"line":99,"column":null}}}},"branchMap":{"0":{"loc":{"start":{"line":31,"column":11},"end":{"line":31,"column":null}},"type":"binary-expr","locations":[{"start":{"line":31,"column":11},"end":{"line":31,"column":25}},{"start":{"line":31,"column":29},"end":{"line":31,"column":null}}]},"1":{"loc":{"start":{"line":48,"column":13},"end":{"line":56,"column":null}},"type":"cond-expr","locations":[{"start":{"line":49,"column":14},"end":{"line":55,"column":23}},{"start":{"line":55,"column":14},"end":{"line":56,"column":null}}]}},"s":{"0":7,"1":1,"2":1,"3":1,"4":1,"5":1,"6":1,"7":1,"8":1,"9":1,"10":10,"11":10,"12":10,"13":22,"14":22,"15":22,"16":2,"17":1,"18":0,"19":0},"f":{"0":10,"1":22,"2":22,"3":2,"4":1,"5":0,"6":0},"b":{"0":[22,4],"1":[1,9]}}
,"C:\\Users\\KIIT\\Documents\\Keploy-Session2-Tasks\\components\\theme-provider.tsx": {"path":"C:\\Users\\KIIT\\Documents\\Keploy-Session2-Tasks\\components\\theme-provider.tsx","statementMap":{"0":{"start":{"line":9,"column":16},"end":{"line":9,"column":30}},"1":{"start":{"line":3,"column":23},"end":{"line":3,"column":null}},"2":{"start":{"line":7,"column":7},"end":{"line":7,"column":null}}},"fnMap":{"0":{"name":"ThemeProvider","decl":{"start":{"line":9,"column":16},"end":{"line":9,"column":30}},"loc":{"start":{"line":9,"column":72},"end":{"line":11,"column":null}}}},"branchMap":{},"s":{"0":4,"1":1,"2":1},"f":{"0":4},"b":{}}
,"C:\\Users\\KIIT\\Documents\\Keploy-Session2-Tasks\\lib\\supabase.ts": {"path":"C:\\Users\\KIIT\\Documents\\Keploy-Session2-Tasks\\lib\\supabase.ts","statementMap":{"0":{"start":{"line":6,"column":13},"end":{"line":6,"column":21}},"1":{"start":{"line":11,"column":16},"end":{"line":11,"column":36}},"2":{"start":{"line":1,"column":29},"end":{"line":1,"column":null}},"3":{"start":{"line":3,"column":20},"end":{"line":3,"column":56}},"4":{"start":{"line":4,"column":24},"end":{"line":4,"column":65}},"5":{"start":{"line":6,"column":24},"end":{"line":6,"column":null}},"6":{"start":{"line":12,"column":2},"end":{"line":12,"column":null}},"7":{"start":{"line":12,"column":14},"end":{"line":12,"column":null}},"8":{"start":{"line":14,"column":18},"end":{"line":14,"column":null}},"9":{"start":{"line":15,"column":2},"end":{"line":15,"column":null}}},"fnMap":{"0":{"name":"throwIfSupabaseError","decl":{"start":{"line":11,"column":16},"end":{"line":11,"column":36}},"loc":{"start":{"line":11,"column":51},"end":{"line":16,"column":null}}}},"branchMap":{"0":{"loc":{"start":{"line":12,"column":2},"end":{"line":12,"column":null}},"type":"if","locations":[{"start":{"line":12,"column":2},"end":{"line":12,"column":null}}]},"1":{"loc":{"start":{"line":15,"column":18},"end":{"line":15,"column":null}},"type":"binary-expr","locations":[{"start":{"line":15,"column":18},"end":{"line":15,"column":33}},{"start":{"line":15,"column":37},"end":{"line":15,"column":null}}]}},"s":{"0":0,"1":0,"2":0,"3":0,"4":0,"5":0,"6":0,"7":0,"8":0,"9":0},"f":{"0":0},"b":{"0":[0],"1":[0,0]}}
,"C:\\Users\\KIIT\\Documents\\Keploy-Session2-Tasks\\lib\\utils.ts": {"path":"C:\\Users\\KIIT\\Documents\\Keploy-Session2-Tasks\\lib\\utils.ts","statementMap":{"0":{"start":{"line":4,"column":16},"end":{"line":4,"column":18}},"1":{"start":{"line":15,"column":16},"end":{"line":15,"column":36}},"2":{"start":{"line":1,"column":38},"end":{"line":1,"column":null}},"3":{"start":{"line":2,"column":24},"end":{"line":2,"column":null}},"4":{"start":{"line":5,"column":2},"end":{"line":5,"column":null}},"5":{"start":{"line":16,"column":2},"end":{"line":16,"column":null}},"6":{"start":{"line":16,"column":14},"end":{"line":16,"column":null}},"7":{"start":{"line":17,"column":12},"end":{"line":17,"column":null}},"8":{"start":{"line":20,"column":2},"end":{"line":23,"column":null}},"9":{"start":{"line":22,"column":4},"end":{"line":22,"column":null}},"10":{"start":{"line":26,"column":4},"end":{"line":26,"column":null}},"11":{"start":{"line":28,"column":2},"end":{"line":28,"column":null}}},"fnMap":{"0":{"name":"cn","decl":{"start":{"line":4,"column":16},"end":{"line":4,"column":18}},"loc":{"start":{"line":4,"column":42},"end":{"line":6,"column":null}}},"1":{"name":"throwIfSupabaseError","decl":{"start":{"line":15,"column":16},"end":{"line":15,"column":36}},"loc":{"start":{"line":15,"column":52},"end":{"line":29,"column":null}}}},"branchMap":{"0":{"loc":{"start":{"line":16,"column":2},"end":{"line":16,"column":null}},"type":"if","locations":[{"start":{"line":16,"column":2},"end":{"line":16,"column":null}}]},"1":{"loc":{"start":{"line":20,"column":2},"end":{"line":23,"column":null}},"type":"if","locations":[{"start":{"line":20,"column":2},"end":{"line":23,"column":null}}]},"2":{"loc":{"start":{"line":26,"column":4},"end":{"line":26,"column":null}},"type":"binary-expr","locations":[{"start":{"line":26,"column":4},"end":{"line":26,"column":27}},{"start":{"line":26,"column":27},"end":{"line":26,"column":61}},{"start":{"line":26,"column":61},"end":{"line":26,"column":82}},{"start":{"line":26,"column":82},"end":{"line":26,"column":null}}]}},"s":{"0":906,"1":14,"2":2,"3":2,"4":906,"5":14,"6":7,"7":7,"8":7,"9":1,"10":6,"11":6},"f":{"0":906,"1":14},"b":{"0":[7],"1":[1],"2":[6,5,3,4]}}
}
