TN:
SF:components\delete-student-modal.tsx
FN:18,DeleteStudentModal
FN:21,(anonymous_2)
FNF:2
FNH:2
FNDA:24,DeleteStudentModal
FNDA:2,(anonymous_2)
DA:3,1
DA:4,1
DA:5,1
DA:6,1
DA:7,1
DA:8,1
DA:9,1
DA:18,20
DA:19,24
DA:21,24
DA:22,2
DA:24,2
DA:25,2
DA:26,2
DA:27,2
DA:29,2
DA:30,2
DA:31,2
DA:33,0
DA:34,0
DA:36,2
LF:21
LH:19
BRDA:22,0,0,0
BRDA:33,1,0,0
BRDA:33,1,1,0
BRDA:57,2,0,24
BRF:4
BRH:1
end_of_record
TN:
SF:components\edit-student-modal.tsx
FN:30,EditStudentModal
FN:42,(anonymous_2)
FN:50,(anonymous_3)
FN:112,(anonymous_5)
FNF:4
FNH:4
FNDA:27,EditStudentModal
FNDA:27,(anonymous_2)
FNDA:3,(anonymous_3)
FNDA:126,(anonymous_5)
DA:3,1
DA:4,1
DA:5,1
DA:6,1
DA:7,1
DA:8,1
DA:9,1
DA:10,1
DA:11,1
DA:12,1
DA:13,1
DA:28,1
DA:30,21
DA:31,27
DA:38,27
DA:42,27
DA:43,27
DA:44,18
DA:45,18
DA:46,18
DA:50,27
DA:51,3
DA:53,3
DA:54,3
DA:55,3
DA:63,3
DA:65,0
DA:66,0
DA:68,3
DA:113,126
LF:30
LH:28
BRDA:43,0,0,18
BRDA:51,1,0,0
BRDA:65,2,0,0
BRDA:65,2,1,0
BRDA:82,3,0,27
BRDA:97,4,0,27
BRDA:121,5,0,27
BRDA:129,6,0,27
BRF:8
BRH:5
end_of_record
TN:
SF:components\navigation.tsx
FN:15,Navigation
FN:31,(anonymous_3)
FN:56,(anonymous_4)
FNF:3
FNH:3
FNDA:3,Navigation
FNDA:12,(anonymous_3)
FNDA:12,(anonymous_4)
DA:3,1
DA:4,1
DA:5,1
DA:6,1
DA:8,1
DA:15,3
DA:16,3
DA:32,12
DA:33,12
DA:57,12
DA:58,12
LF:11
LH:11
BRDA:39,0,0,3
BRDA:39,0,1,9
BRDA:64,1,0,3
BRDA:64,1,1,9
BRF:4
BRH:4
end_of_record
TN:
SF:components\student-table.tsx
FN:19,StudentTable
FN:23,(anonymous_2)
FN:55,(anonymous_3)
FN:71,(anonymous_4)
FN:75,(anonymous_5)
FN:92,(anonymous_6)
FN:99,(anonymous_7)
FNF:7
FNH:5
FNDA:10,StudentTable
FNDA:22,(anonymous_2)
FNDA:22,(anonymous_3)
FNDA:2,(anonymous_4)
FNDA:1,(anonymous_5)
FNDA:0,(anonymous_6)
FNDA:0,(anonymous_7)
DA:3,1
DA:4,1
DA:5,1
DA:6,1
DA:7,1
DA:8,1
DA:9,1
DA:11,1
DA:12,1
DA:19,7
DA:20,10
DA:21,10
DA:23,10
DA:24,22
DA:31,22
DA:56,22
DA:71,2
DA:75,1
DA:92,0
DA:99,0
LF:20
LH:18
BRDA:31,0,0,22
BRDA:31,0,1,4
BRDA:48,1,0,1
BRDA:48,1,1,9
BRF:4
BRH:4
end_of_record
TN:
SF:components\theme-provider.tsx
FN:9,ThemeProvider
FNF:1
FNH:1
FNDA:4,ThemeProvider
DA:3,1
DA:7,1
DA:9,4
LF:3
LH:3
BRF:0
BRH:0
end_of_record
TN:
SF:lib\supabase.ts
FN:11,throwIfSupabaseError
FNF:1
FNH:0
FNDA:0,throwIfSupabaseError
DA:1,0
DA:3,0
DA:4,0
DA:6,0
DA:11,0
DA:12,0
DA:14,0
DA:15,0
LF:8
LH:0
BRDA:12,0,0,0
BRDA:15,1,0,0
BRDA:15,1,1,0
BRF:3
BRH:0
end_of_record
TN:
SF:lib\utils.ts
FN:4,cn
FN:15,throwIfSupabaseError
FNF:2
FNH:2
FNDA:906,cn
FNDA:14,throwIfSupabaseError
DA:1,2
DA:2,2
DA:4,906
DA:5,906
DA:15,14
DA:16,14
DA:17,7
DA:20,7
DA:22,1
DA:26,6
DA:28,6
LF:11
LH:11
BRDA:16,0,0,7
BRDA:20,1,0,1
BRDA:26,2,0,6
BRDA:26,2,1,5
BRDA:26,2,2,3
BRDA:26,2,3,4
BRF:6
BRH:6
end_of_record
